{"C:\\Users\\Rafly\\vscode\\Reactnative\\TaskOffice\\todoapp\\src\\App.js": {"path":"C:\\Users\\Rafly\\vscode\\Reactnative\\TaskOffice\\todoapp\\src\\App.js","statementMap":{"0":{"start":{"line":10,"column":14},"end":{"line":10,"column":38}},"1":{"start":{"line":11,"column":12},"end":{"line":29,"column":1}},"2":{"start":{"line":12,"column":2},"end":{"line":28,"column":4}},"3":{"start":{"line":31,"column":15},"end":{"line":58,"column":2}}},"fnMap":{"0":{"name":"(anonymous_0)","decl":{"start":{"line":11,"column":12},"end":{"line":11,"column":13}},"loc":{"start":{"line":11,"column":18},"end":{"line":29,"column":1}},"line":11}},"branchMap":{},"s":{"0":1,"1":1,"2":1,"3":1},"f":{"0":1},"b":{},"_coverageSchema":"43e27e138ebf9cfc5966b082cf9a028302ed4184","hash":"2ffe163b0b05bc600cada75086f827586998ee69"}
,"C:\\Users\\Rafly\\vscode\\Reactnative\\TaskOffice\\todoapp\\src\\action\\DataAction.js": {"path":"C:\\Users\\Rafly\\vscode\\Reactnative\\TaskOffice\\todoapp\\src\\action\\DataAction.js","statementMap":{"0":{"start":{"line":3,"column":23},"end":{"line":11,"column":1}},"1":{"start":{"line":4,"column":2},"end":{"line":10,"column":4}},"2":{"start":{"line":13,"column":26},"end":{"line":18,"column":1}},"3":{"start":{"line":14,"column":2},"end":{"line":17,"column":4}}},"fnMap":{"0":{"name":"(anonymous_0)","decl":{"start":{"line":3,"column":23},"end":{"line":3,"column":24}},"loc":{"start":{"line":3,"column":52},"end":{"line":11,"column":1}},"line":3},"1":{"name":"(anonymous_1)","decl":{"start":{"line":13,"column":26},"end":{"line":13,"column":27}},"loc":{"start":{"line":13,"column":35},"end":{"line":18,"column":1}},"line":13}},"branchMap":{},"s":{"0":4,"1":1,"2":4,"3":1},"f":{"0":1,"1":1},"b":{},"_coverageSchema":"43e27e138ebf9cfc5966b082cf9a028302ed4184","hash":"baa0d5e62cd8021de6a171534c243ad1ca8a0740"}
,"C:\\Users\\Rafly\\vscode\\Reactnative\\TaskOffice\\todoapp\\src\\action\\FormInputAction.js": {"path":"C:\\Users\\Rafly\\vscode\\Reactnative\\TaskOffice\\todoapp\\src\\action\\FormInputAction.js","statementMap":{"0":{"start":{"line":3,"column":31},"end":{"line":8,"column":1}},"1":{"start":{"line":4,"column":2},"end":{"line":7,"column":4}},"2":{"start":{"line":10,"column":34},"end":{"line":15,"column":1}},"3":{"start":{"line":11,"column":2},"end":{"line":14,"column":4}},"4":{"start":{"line":17,"column":26},"end":{"line":22,"column":1}},"5":{"start":{"line":18,"column":2},"end":{"line":21,"column":4}}},"fnMap":{"0":{"name":"(anonymous_0)","decl":{"start":{"line":3,"column":31},"end":{"line":3,"column":32}},"loc":{"start":{"line":3,"column":38},"end":{"line":8,"column":1}},"line":3},"1":{"name":"(anonymous_1)","decl":{"start":{"line":10,"column":34},"end":{"line":10,"column":35}},"loc":{"start":{"line":10,"column":41},"end":{"line":15,"column":1}},"line":10},"2":{"name":"(anonymous_2)","decl":{"start":{"line":17,"column":26},"end":{"line":17,"column":27}},"loc":{"start":{"line":17,"column":42},"end":{"line":22,"column":1}},"line":17}},"branchMap":{},"s":{"0":3,"1":2,"2":3,"3":2,"4":3,"5":0},"f":{"0":2,"1":2,"2":0},"b":{},"_coverageSchema":"43e27e138ebf9cfc5966b082cf9a028302ed4184","hash":"059dd38a14c922e8bd66b40d24e590a30c923f07"}
,"C:\\Users\\Rafly\\vscode\\Reactnative\\TaskOffice\\todoapp\\src\\action\\IsShowAction.js": {"path":"C:\\Users\\Rafly\\vscode\\Reactnative\\TaskOffice\\todoapp\\src\\action\\IsShowAction.js","statementMap":{"0":{"start":{"line":3,"column":20},"end":{"line":7,"column":1}},"1":{"start":{"line":4,"column":2},"end":{"line":6,"column":4}}},"fnMap":{"0":{"name":"(anonymous_0)","decl":{"start":{"line":3,"column":20},"end":{"line":3,"column":21}},"loc":{"start":{"line":3,"column":26},"end":{"line":7,"column":1}},"line":3}},"branchMap":{},"s":{"0":3,"1":1},"f":{"0":1},"b":{},"_coverageSchema":"43e27e138ebf9cfc5966b082cf9a028302ed4184","hash":"e849a1eff32fb02dd1739b1e98b703c1ca72ca8c"}
,"C:\\Users\\Rafly\\vscode\\Reactnative\\TaskOffice\\todoapp\\src\\action\\index.js": {"path":"C:\\Users\\Rafly\\vscode\\Reactnative\\TaskOffice\\todoapp\\src\\action\\index.js","statementMap":{},"fnMap":{},"branchMap":{},"s":{},"f":{},"b":{},"_coverageSchema":"43e27e138ebf9cfc5966b082cf9a028302ed4184","hash":"ccb3bee17c02998ddcb57d5bb0b98a4d668703a3"}
,"C:\\Users\\Rafly\\vscode\\Reactnative\\TaskOffice\\todoapp\\src\\components\\DataList.js": {"path":"C:\\Users\\Rafly\\vscode\\Reactnative\\TaskOffice\\todoapp\\src\\components\\DataList.js","statementMap":{"0":{"start":{"line":7,"column":17},"end":{"line":24,"column":1}},"1":{"start":{"line":8,"column":2},"end":{"line":8,"column":25}},"2":{"start":{"line":9,"column":2},"end":{"line":23,"column":5}},"3":{"start":{"line":10,"column":4},"end":{"line":22,"column":6}},"4":{"start":{"line":17,"column":43},"end":{"line":17,"column":66}},"5":{"start":{"line":26,"column":15},"end":{"line":43,"column":2}},"6":{"start":{"line":45,"column":24},"end":{"line":49,"column":1}},"7":{"start":{"line":46,"column":2},"end":{"line":48,"column":4}}},"fnMap":{"0":{"name":"(anonymous_0)","decl":{"start":{"line":7,"column":17},"end":{"line":7,"column":18}},"loc":{"start":{"line":7,"column":26},"end":{"line":24,"column":1}},"line":7},"1":{"name":"(anonymous_1)","decl":{"start":{"line":9,"column":23},"end":{"line":9,"column":24}},"loc":{"start":{"line":9,"column":39},"end":{"line":23,"column":3}},"line":9},"2":{"name":"(anonymous_2)","decl":{"start":{"line":17,"column":37},"end":{"line":17,"column":38}},"loc":{"start":{"line":17,"column":43},"end":{"line":17,"column":66}},"line":17},"3":{"name":"(anonymous_3)","decl":{"start":{"line":45,"column":24},"end":{"line":45,"column":25}},"loc":{"start":{"line":45,"column":33},"end":{"line":49,"column":1}},"line":45}},"branchMap":{},"s":{"0":1,"1":0,"2":0,"3":0,"4":0,"5":1,"6":1,"7":0},"f":{"0":0,"1":0,"2":0,"3":0},"b":{},"_coverageSchema":"43e27e138ebf9cfc5966b082cf9a028302ed4184","hash":"0cba085f093d7de80b165f423bdf746b150d8c2f"}
,"C:\\Users\\Rafly\\vscode\\Reactnative\\TaskOffice\\todoapp\\src\\components\\DateTimePicker.js": {"path":"C:\\Users\\Rafly\\vscode\\Reactnative\\TaskOffice\\todoapp\\src\\components\\DateTimePicker.js","statementMap":{"0":{"start":{"line":6,"column":19},"end":{"line":25,"column":1}},"1":{"start":{"line":7,"column":19},"end":{"line":15,"column":3}},"2":{"start":{"line":8,"column":24},"end":{"line":8,"column":48}},"3":{"start":{"line":9,"column":4},"end":{"line":9,"column":30}},"4":{"start":{"line":10,"column":4},"end":{"line":10,"column":51}},"5":{"start":{"line":11,"column":4},"end":{"line":13,"column":5}},"6":{"start":{"line":12,"column":6},"end":{"line":12,"column":28}},"7":{"start":{"line":14,"column":4},"end":{"line":14,"column":34}},"8":{"start":{"line":17,"column":2},"end":{"line":24,"column":4}},"9":{"start":{"line":27,"column":24},"end":{"line":31,"column":1}},"10":{"start":{"line":28,"column":2},"end":{"line":30,"column":4}}},"fnMap":{"0":{"name":"(anonymous_0)","decl":{"start":{"line":6,"column":19},"end":{"line":6,"column":20}},"loc":{"start":{"line":6,"column":28},"end":{"line":25,"column":1}},"line":6},"1":{"name":"(anonymous_1)","decl":{"start":{"line":7,"column":19},"end":{"line":7,"column":20}},"loc":{"start":{"line":7,"column":42},"end":{"line":15,"column":3}},"line":7},"2":{"name":"(anonymous_2)","decl":{"start":{"line":27,"column":24},"end":{"line":27,"column":25}},"loc":{"start":{"line":27,"column":33},"end":{"line":31,"column":1}},"line":27}},"branchMap":{"0":{"loc":{"start":{"line":8,"column":24},"end":{"line":8,"column":48}},"type":"binary-expr","locations":[{"start":{"line":8,"column":24},"end":{"line":8,"column":34}},{"start":{"line":8,"column":38},"end":{"line":8,"column":48}}],"line":8},"1":{"loc":{"start":{"line":11,"column":4},"end":{"line":13,"column":5}},"type":"if","locations":[{"start":{"line":11,"column":4},"end":{"line":13,"column":5}},{"start":{"line":11,"column":4},"end":{"line":13,"column":5}}],"line":11}},"s":{"0":2,"1":0,"2":0,"3":0,"4":0,"5":0,"6":0,"7":0,"8":0,"9":2,"10":0},"f":{"0":0,"1":0,"2":0},"b":{"0":[0,0],"1":[0,0]},"_coverageSchema":"43e27e138ebf9cfc5966b082cf9a028302ed4184","hash":"061a933c31766abb501cee3aced8433adbfcf58b"}
,"C:\\Users\\Rafly\\vscode\\Reactnative\\TaskOffice\\todoapp\\src\\components\\FloatingIconButton.js": {"path":"C:\\Users\\Rafly\\vscode\\Reactnative\\TaskOffice\\todoapp\\src\\components\\FloatingIconButton.js","statementMap":{"0":{"start":{"line":7,"column":27},"end":{"line":16,"column":1}},"1":{"start":{"line":8,"column":2},"end":{"line":15,"column":4}},"2":{"start":{"line":12,"column":21},"end":{"line":12,"column":40}},"3":{"start":{"line":18,"column":15},"end":{"line":29,"column":2}},"4":{"start":{"line":30,"column":24},"end":{"line":34,"column":1}},"5":{"start":{"line":31,"column":2},"end":{"line":33,"column":4}}},"fnMap":{"0":{"name":"(anonymous_0)","decl":{"start":{"line":7,"column":27},"end":{"line":7,"column":28}},"loc":{"start":{"line":7,"column":36},"end":{"line":16,"column":1}},"line":7},"1":{"name":"(anonymous_1)","decl":{"start":{"line":12,"column":15},"end":{"line":12,"column":16}},"loc":{"start":{"line":12,"column":21},"end":{"line":12,"column":40}},"line":12},"2":{"name":"(anonymous_2)","decl":{"start":{"line":30,"column":24},"end":{"line":30,"column":25}},"loc":{"start":{"line":30,"column":33},"end":{"line":34,"column":1}},"line":30}},"branchMap":{},"s":{"0":1,"1":1,"2":0,"3":1,"4":1,"5":1},"f":{"0":1,"1":0,"2":1},"b":{},"_coverageSchema":"43e27e138ebf9cfc5966b082cf9a028302ed4184","hash":"4808b052d721d15bfabf39d81be46032e1f1b149"}
,"C:\\Users\\Rafly\\vscode\\Reactnative\\TaskOffice\\todoapp\\src\\components\\FormInput.js": {"path":"C:\\Users\\Rafly\\vscode\\Reactnative\\TaskOffice\\todoapp\\src\\components\\FormInput.js","statementMap":{"0":{"start":{"line":8,"column":21},"end":{"line":8,"column":64}},"1":{"start":{"line":9,"column":20},"end":{"line":9,"column":62}},"2":{"start":{"line":11,"column":18},"end":{"line":27,"column":1}},"3":{"start":{"line":12,"column":17},"end":{"line":12,"column":22}},"4":{"start":{"line":13,"column":2},"end":{"line":26,"column":4}},"5":{"start":{"line":29,"column":15},"end":{"line":59,"column":2}},"6":{"start":{"line":61,"column":24},"end":{"line":65,"column":1}},"7":{"start":{"line":62,"column":2},"end":{"line":64,"column":4}}},"fnMap":{"0":{"name":"(anonymous_0)","decl":{"start":{"line":11,"column":18},"end":{"line":11,"column":19}},"loc":{"start":{"line":11,"column":27},"end":{"line":27,"column":1}},"line":11},"1":{"name":"(anonymous_1)","decl":{"start":{"line":61,"column":24},"end":{"line":61,"column":25}},"loc":{"start":{"line":61,"column":33},"end":{"line":65,"column":1}},"line":61}},"branchMap":{},"s":{"0":2,"1":2,"2":2,"3":3,"4":3,"5":2,"6":2,"7":5},"f":{"0":3,"1":5},"b":{},"_coverageSchema":"43e27e138ebf9cfc5966b082cf9a028302ed4184","hash":"fe071c21580c370c4d85ecbf67bbbcd1ac2389d9"}
,"C:\\Users\\Rafly\\vscode\\Reactnative\\TaskOffice\\todoapp\\src\\components\\InputText.js": {"path":"C:\\Users\\Rafly\\vscode\\Reactnative\\TaskOffice\\todoapp\\src\\components\\InputText.js","statementMap":{"0":{"start":{"line":11,"column":22},"end":{"line":60,"column":1}},"1":{"start":{"line":12,"column":34},"end":{"line":12,"column":49}},"2":{"start":{"line":13,"column":28},"end":{"line":13,"column":43}},"3":{"start":{"line":14,"column":48},"end":{"line":14,"column":53}},"4":{"start":{"line":16,"column":2},"end":{"line":59,"column":4}},"5":{"start":{"line":25,"column":32},"end":{"line":25,"column":53}},"6":{"start":{"line":37,"column":32},"end":{"line":37,"column":56}},"7":{"start":{"line":46,"column":25},"end":{"line":46,"column":69}},"8":{"start":{"line":62,"column":15},"end":{"line":84,"column":2}},"9":{"start":{"line":86,"column":24},"end":{"line":90,"column":1}},"10":{"start":{"line":87,"column":2},"end":{"line":89,"column":4}}},"fnMap":{"0":{"name":"(anonymous_0)","decl":{"start":{"line":11,"column":22},"end":{"line":11,"column":23}},"loc":{"start":{"line":11,"column":31},"end":{"line":60,"column":1}},"line":11},"1":{"name":"(anonymous_1)","decl":{"start":{"line":25,"column":24},"end":{"line":25,"column":25}},"loc":{"start":{"line":25,"column":32},"end":{"line":25,"column":53}},"line":25},"2":{"name":"(anonymous_2)","decl":{"start":{"line":37,"column":24},"end":{"line":37,"column":25}},"loc":{"start":{"line":37,"column":32},"end":{"line":37,"column":56}},"line":37},"3":{"name":"(anonymous_3)","decl":{"start":{"line":46,"column":19},"end":{"line":46,"column":20}},"loc":{"start":{"line":46,"column":25},"end":{"line":46,"column":69}},"line":46},"4":{"name":"(anonymous_4)","decl":{"start":{"line":86,"column":24},"end":{"line":86,"column":25}},"loc":{"start":{"line":86,"column":33},"end":{"line":90,"column":1}},"line":86}},"branchMap":{"0":{"loc":{"start":{"line":47,"column":11},"end":{"line":49,"column":18}},"type":"cond-expr","locations":[{"start":{"line":48,"column":12},"end":{"line":48,"column":78}},{"start":{"line":49,"column":14},"end":{"line":49,"column":18}}],"line":47},"1":{"loc":{"start":{"line":54,"column":19},"end":{"line":54,"column":54}},"type":"cond-expr","locations":[{"start":{"line":54,"column":27},"end":{"line":54,"column":49}},{"start":{"line":54,"column":52},"end":{"line":54,"column":54}}],"line":54}},"s":{"0":2,"1":3,"2":3,"3":3,"4":3,"5":1,"6":1,"7":0,"8":2,"9":2,"10":5},"f":{"0":3,"1":1,"2":1,"3":0,"4":5},"b":{"0":[0,3],"1":[0,3]},"_coverageSchema":"43e27e138ebf9cfc5966b082cf9a028302ed4184","hash":"5ac786ce123a5b181da4563eee5dcc4e822cf203"}
,"C:\\Users\\Rafly\\vscode\\Reactnative\\TaskOffice\\todoapp\\src\\components\\StateData.js": {"path":"C:\\Users\\Rafly\\vscode\\Reactnative\\TaskOffice\\todoapp\\src\\components\\StateData.js","statementMap":{"0":{"start":{"line":6,"column":18},"end":{"line":20,"column":1}},"1":{"start":{"line":7,"column":2},"end":{"line":19,"column":3}},"2":{"start":{"line":8,"column":4},"end":{"line":12,"column":6}},"3":{"start":{"line":14,"column":4},"end":{"line":18,"column":6}},"4":{"start":{"line":21,"column":24},"end":{"line":25,"column":1}},"5":{"start":{"line":22,"column":2},"end":{"line":24,"column":4}}},"fnMap":{"0":{"name":"(anonymous_0)","decl":{"start":{"line":6,"column":18},"end":{"line":6,"column":19}},"loc":{"start":{"line":6,"column":27},"end":{"line":20,"column":1}},"line":6},"1":{"name":"(anonymous_1)","decl":{"start":{"line":21,"column":24},"end":{"line":21,"column":25}},"loc":{"start":{"line":21,"column":33},"end":{"line":25,"column":1}},"line":21}},"branchMap":{"0":{"loc":{"start":{"line":7,"column":2},"end":{"line":19,"column":3}},"type":"if","locations":[{"start":{"line":7,"column":2},"end":{"line":19,"column":3}},{"start":{"line":7,"column":2},"end":{"line":19,"column":3}}],"line":7}},"s":{"0":1,"1":1,"2":0,"3":1,"4":1,"5":1},"f":{"0":1,"1":1},"b":{"0":[0,1]},"_coverageSchema":"43e27e138ebf9cfc5966b082cf9a028302ed4184","hash":"b29b0d7343ea80132645f8ba99a1822c881cb196"}
,"C:\\Users\\Rafly\\vscode\\Reactnative\\TaskOffice\\todoapp\\src\\components\\SubmitButton.js": {"path":"C:\\Users\\Rafly\\vscode\\Reactnative\\TaskOffice\\todoapp\\src\\components\\SubmitButton.js","statementMap":{"0":{"start":{"line":15,"column":21},"end":{"line":42,"column":1}},"1":{"start":{"line":16,"column":2},"end":{"line":16,"column":24}},"2":{"start":{"line":25,"column":6},"end":{"line":25,"column":11}},"3":{"start":{"line":27,"column":21},"end":{"line":32,"column":3}},"4":{"start":{"line":28,"column":4},"end":{"line":28,"column":55}},"5":{"start":{"line":29,"column":4},"end":{"line":29,"column":24}},"6":{"start":{"line":30,"column":4},"end":{"line":30,"column":27}},"7":{"start":{"line":31,"column":4},"end":{"line":31,"column":18}},"8":{"start":{"line":33,"column":2},"end":{"line":41,"column":4}},"9":{"start":{"line":37,"column":23},"end":{"line":37,"column":35}},"10":{"start":{"line":44,"column":15},"end":{"line":57,"column":2}},"11":{"start":{"line":59,"column":24},"end":{"line":65,"column":1}},"12":{"start":{"line":60,"column":2},"end":{"line":64,"column":4}}},"fnMap":{"0":{"name":"(anonymous_0)","decl":{"start":{"line":15,"column":21},"end":{"line":15,"column":22}},"loc":{"start":{"line":15,"column":30},"end":{"line":42,"column":1}},"line":15},"1":{"name":"(anonymous_1)","decl":{"start":{"line":27,"column":21},"end":{"line":27,"column":22}},"loc":{"start":{"line":27,"column":27},"end":{"line":32,"column":3}},"line":27},"2":{"name":"(anonymous_2)","decl":{"start":{"line":37,"column":17},"end":{"line":37,"column":18}},"loc":{"start":{"line":37,"column":23},"end":{"line":37,"column":35}},"line":37},"3":{"name":"(anonymous_3)","decl":{"start":{"line":59,"column":24},"end":{"line":59,"column":25}},"loc":{"start":{"line":59,"column":33},"end":{"line":65,"column":1}},"line":59}},"branchMap":{},"s":{"0":2,"1":5,"2":5,"3":5,"4":0,"5":0,"6":0,"7":0,"8":5,"9":0,"10":2,"11":2,"12":5},"f":{"0":5,"1":0,"2":0,"3":5},"b":{},"_coverageSchema":"43e27e138ebf9cfc5966b082cf9a028302ed4184","hash":"dac454506e3f2557668b43e3364541887ce2401f"}
,"C:\\Users\\Rafly\\vscode\\Reactnative\\TaskOffice\\todoapp\\src\\logic\\FormatDate.js": {"path":"C:\\Users\\Rafly\\vscode\\Reactnative\\TaskOffice\\todoapp\\src\\logic\\FormatDate.js","statementMap":{"0":{"start":{"line":1,"column":19},"end":{"line":12,"column":1}},"1":{"start":{"line":3,"column":2},"end":{"line":7,"column":3}},"2":{"start":{"line":4,"column":4},"end":{"line":4,"column":14}},"3":{"start":{"line":6,"column":4},"end":{"line":6,"column":32}},"4":{"start":{"line":8,"column":2},"end":{"line":10,"column":3}},"5":{"start":{"line":9,"column":4},"end":{"line":9,"column":24}},"6":{"start":{"line":11,"column":2},"end":{"line":11,"column":65}}},"fnMap":{"0":{"name":"(anonymous_0)","decl":{"start":{"line":1,"column":19},"end":{"line":1,"column":20}},"loc":{"start":{"line":1,"column":27},"end":{"line":12,"column":1}},"line":1}},"branchMap":{"0":{"loc":{"start":{"line":3,"column":2},"end":{"line":7,"column":3}},"type":"if","locations":[{"start":{"line":3,"column":2},"end":{"line":7,"column":3}},{"start":{"line":3,"column":2},"end":{"line":7,"column":3}}],"line":3},"1":{"loc":{"start":{"line":8,"column":2},"end":{"line":10,"column":3}},"type":"if","locations":[{"start":{"line":8,"column":2},"end":{"line":10,"column":3}},{"start":{"line":8,"column":2},"end":{"line":10,"column":3}}],"line":8}},"s":{"0":2,"1":0,"2":0,"3":0,"4":0,"5":0,"6":0},"f":{"0":0},"b":{"0":[0,0],"1":[0,0]},"_coverageSchema":"43e27e138ebf9cfc5966b082cf9a028302ed4184","hash":"e50d684faf2063b2beb2b8301afd75c6b1010249"}
,"C:\\Users\\Rafly\\vscode\\Reactnative\\TaskOffice\\todoapp\\src\\reducer\\DataReducer.js": {"path":"C:\\Users\\Rafly\\vscode\\Reactnative\\TaskOffice\\todoapp\\src\\reducer\\DataReducer.js","statementMap":{"0":{"start":{"line":4,"column":2},"end":{"line":25,"column":3}},"1":{"start":{"line":6,"column":6},"end":{"line":20,"column":7}},"2":{"start":{"line":11,"column":8},"end":{"line":19,"column":10}},"3":{"start":{"line":21,"column":6},"end":{"line":21,"column":12}},"4":{"start":{"line":23,"column":6},"end":{"line":23,"column":36}},"5":{"start":{"line":24,"column":6},"end":{"line":24,"column":24}},"6":{"start":{"line":26,"column":2},"end":{"line":26,"column":15}}},"fnMap":{"0":{"name":"(anonymous_0)","decl":{"start":{"line":3,"column":15},"end":{"line":3,"column":16}},"loc":{"start":{"line":3,"column":39},"end":{"line":27,"column":1}},"line":3}},"branchMap":{"0":{"loc":{"start":{"line":3,"column":16},"end":{"line":3,"column":26}},"type":"default-arg","locations":[{"start":{"line":3,"column":24},"end":{"line":3,"column":26}}],"line":3},"1":{"loc":{"start":{"line":4,"column":2},"end":{"line":25,"column":3}},"type":"switch","locations":[{"start":{"line":5,"column":4},"end":{"line":21,"column":12}},{"start":{"line":22,"column":4},"end":{"line":24,"column":24}}],"line":4},"2":{"loc":{"start":{"line":6,"column":6},"end":{"line":20,"column":7}},"type":"if","locations":[{"start":{"line":6,"column":6},"end":{"line":20,"column":7}},{"start":{"line":6,"column":6},"end":{"line":20,"column":7}}],"line":6},"3":{"loc":{"start":{"line":7,"column":8},"end":{"line":9,"column":27}},"type":"binary-expr","locations":[{"start":{"line":7,"column":8},"end":{"line":7,"column":34}},{"start":{"line":8,"column":8},"end":{"line":8,"column":37}},{"start":{"line":9,"column":8},"end":{"line":9,"column":27}}],"line":7}},"s":{"0":13,"1":2,"2":0,"3":2,"4":1,"5":1,"6":12},"f":{"0":13},"b":{"0":[11],"1":[2,1],"2":[0,2],"3":[2,2,1]},"_coverageSchema":"43e27e138ebf9cfc5966b082cf9a028302ed4184","hash":"142fc0271b083a67a9a49387b6b35cefeae52a24"}
,"C:\\Users\\Rafly\\vscode\\Reactnative\\TaskOffice\\todoapp\\src\\reducer\\FormInputReducer.js": {"path":"C:\\Users\\Rafly\\vscode\\Reactnative\\TaskOffice\\todoapp\\src\\reducer\\FormInputReducer.js","statementMap":{"0":{"start":{"line":3,"column":21},"end":{"line":7,"column":1}},"1":{"start":{"line":10,"column":2},"end":{"line":28,"column":3}},"2":{"start":{"line":12,"column":6},"end":{"line":15,"column":8}},"3":{"start":{"line":17,"column":6},"end":{"line":20,"column":8}},"4":{"start":{"line":22,"column":6},"end":{"line":25,"column":8}},"5":{"start":{"line":27,"column":6},"end":{"line":27,"column":19}}},"fnMap":{"0":{"name":"(anonymous_0)","decl":{"start":{"line":9,"column":15},"end":{"line":9,"column":16}},"loc":{"start":{"line":9,"column":49},"end":{"line":29,"column":1}},"line":9}},"branchMap":{"0":{"loc":{"start":{"line":9,"column":16},"end":{"line":9,"column":36}},"type":"default-arg","locations":[{"start":{"line":9,"column":24},"end":{"line":9,"column":36}}],"line":9},"1":{"loc":{"start":{"line":10,"column":2},"end":{"line":28,"column":3}},"type":"switch","locations":[{"start":{"line":11,"column":4},"end":{"line":15,"column":8}},{"start":{"line":16,"column":4},"end":{"line":20,"column":8}},{"start":{"line":21,"column":4},"end":{"line":25,"column":8}},{"start":{"line":26,"column":4},"end":{"line":27,"column":19}}],"line":10}},"s":{"0":3,"1":13,"2":2,"3":2,"4":0,"5":9},"f":{"0":13},"b":{"0":[11],"1":[2,2,0,9]},"_coverageSchema":"43e27e138ebf9cfc5966b082cf9a028302ed4184","hash":"a69380f29d073c9b11b6991caf45bd1692fda022"}
,"C:\\Users\\Rafly\\vscode\\Reactnative\\TaskOffice\\todoapp\\src\\reducer\\IsShowReducer.js": {"path":"C:\\Users\\Rafly\\vscode\\Reactnative\\TaskOffice\\todoapp\\src\\reducer\\IsShowReducer.js","statementMap":{"0":{"start":{"line":4,"column":2},"end":{"line":9,"column":3}},"1":{"start":{"line":6,"column":6},"end":{"line":6,"column":20}},"2":{"start":{"line":8,"column":6},"end":{"line":8,"column":19}}},"fnMap":{"0":{"name":"(anonymous_0)","decl":{"start":{"line":3,"column":15},"end":{"line":3,"column":16}},"loc":{"start":{"line":3,"column":42},"end":{"line":10,"column":1}},"line":3}},"branchMap":{"0":{"loc":{"start":{"line":3,"column":16},"end":{"line":3,"column":29}},"type":"default-arg","locations":[{"start":{"line":3,"column":24},"end":{"line":3,"column":29}}],"line":3},"1":{"loc":{"start":{"line":4,"column":2},"end":{"line":9,"column":3}},"type":"switch","locations":[{"start":{"line":5,"column":4},"end":{"line":6,"column":20}},{"start":{"line":7,"column":4},"end":{"line":8,"column":19}}],"line":4}},"s":{"0":11,"1":1,"2":10},"f":{"0":11},"b":{"0":[9],"1":[1,10]},"_coverageSchema":"43e27e138ebf9cfc5966b082cf9a028302ed4184","hash":"2f463a353ec51180545845f092818a5777482711"}
,"C:\\Users\\Rafly\\vscode\\Reactnative\\TaskOffice\\todoapp\\src\\store\\RootStore.js": {"path":"C:\\Users\\Rafly\\vscode\\Reactnative\\TaskOffice\\todoapp\\src\\store\\RootStore.js","statementMap":{"0":{"start":{"line":6,"column":20},"end":{"line":10,"column":2}}},"fnMap":{},"branchMap":{},"s":{"0":2},"f":{},"b":{},"_coverageSchema":"43e27e138ebf9cfc5966b082cf9a028302ed4184","hash":"04d06774c91d6a23ed7bf0de3198e4eb68e6dbb2"}
,"C:\\Users\\Rafly\\vscode\\Reactnative\\TaskOffice\\todoapp\\src\\utils\\constType.js": {"path":"C:\\Users\\Rafly\\vscode\\Reactnative\\TaskOffice\\todoapp\\src\\utils\\constType.js","statementMap":{"0":{"start":{"line":1,"column":26},"end":{"line":1,"column":38}},"1":{"start":{"line":2,"column":29},"end":{"line":2,"column":44}},"2":{"start":{"line":3,"column":26},"end":{"line":3,"column":38}},"3":{"start":{"line":4,"column":23},"end":{"line":4,"column":32}},"4":{"start":{"line":5,"column":24},"end":{"line":5,"column":34}},"5":{"start":{"line":6,"column":27},"end":{"line":6,"column":40}}},"fnMap":{},"branchMap":{},"s":{"0":8,"1":8,"2":8,"3":8,"4":8,"5":8},"f":{},"b":{},"_coverageSchema":"43e27e138ebf9cfc5966b082cf9a028302ed4184","hash":"aba0b356b54da9047280990c356cf44acac4c149"}
}
