{"C:\\Users\\Rafly\\vscode\\Reactnative\\TaskOffice\\todoapp\\src\\App.js": {"path":"C:\\Users\\Rafly\\vscode\\Reactnative\\TaskOffice\\todoapp\\src\\App.js","statementMap":{"0":{"start":{"line":10,"column":14},"end":{"line":10,"column":38}},"1":{"start":{"line":11,"column":12},"end":{"line":29,"column":1}},"2":{"start":{"line":12,"column":2},"end":{"line":28,"column":4}},"3":{"start":{"line":31,"column":15},"end":{"line":58,"column":2}}},"fnMap":{"0":{"name":"(anonymous_0)","decl":{"start":{"line":11,"column":12},"end":{"line":11,"column":13}},"loc":{"start":{"line":11,"column":18},"end":{"line":29,"column":1}},"line":11}},"branchMap":{},"s":{"0":1,"1":1,"2":1,"3":1},"f":{"0":1},"b":{},"_coverageSchema":"43e27e138ebf9cfc5966b082cf9a028302ed4184","hash":"2ffe163b0b05bc600cada75086f827586998ee69"}
,"C:\\Users\\Rafly\\vscode\\Reactnative\\TaskOffice\\todoapp\\src\\action\\DataAction.js": {"path":"C:\\Users\\Rafly\\vscode\\Reactnative\\TaskOffice\\todoapp\\src\\action\\DataAction.js","statementMap":{"0":{"start":{"line":3,"column":23},"end":{"line":9,"column":1}},"1":{"start":{"line":4,"column":2},"end":{"line":8,"column":4}},"2":{"start":{"line":11,"column":26},"end":{"line":16,"column":1}},"3":{"start":{"line":12,"column":2},"end":{"line":15,"column":4}}},"fnMap":{"0":{"name":"(anonymous_0)","decl":{"start":{"line":3,"column":23},"end":{"line":3,"column":24}},"loc":{"start":{"line":3,"column":42},"end":{"line":9,"column":1}},"line":3},"1":{"name":"(anonymous_1)","decl":{"start":{"line":11,"column":26},"end":{"line":11,"column":27}},"loc":{"start":{"line":11,"column":35},"end":{"line":16,"column":1}},"line":11}},"branchMap":{},"s":{"0":4,"1":1,"2":4,"3":1},"f":{"0":1,"1":1},"b":{},"_coverageSchema":"43e27e138ebf9cfc5966b082cf9a028302ed4184","hash":"d3db15763fb0609da933cab6a755c52f53fbe1c7"}
,"C:\\Users\\Rafly\\vscode\\Reactnative\\TaskOffice\\todoapp\\src\\action\\FormInputAction.js": {"path":"C:\\Users\\Rafly\\vscode\\Reactnative\\TaskOffice\\todoapp\\src\\action\\FormInputAction.js","statementMap":{"0":{"start":{"line":3,"column":31},"end":{"line":8,"column":1}},"1":{"start":{"line":4,"column":2},"end":{"line":7,"column":4}},"2":{"start":{"line":10,"column":34},"end":{"line":15,"column":1}},"3":{"start":{"line":11,"column":2},"end":{"line":14,"column":4}}},"fnMap":{"0":{"name":"(anonymous_0)","decl":{"start":{"line":3,"column":31},"end":{"line":3,"column":32}},"loc":{"start":{"line":3,"column":38},"end":{"line":8,"column":1}},"line":3},"1":{"name":"(anonymous_1)","decl":{"start":{"line":10,"column":34},"end":{"line":10,"column":35}},"loc":{"start":{"line":10,"column":41},"end":{"line":15,"column":1}},"line":10}},"branchMap":{},"s":{"0":3,"1":2,"2":3,"3":2},"f":{"0":2,"1":2},"b":{},"_coverageSchema":"43e27e138ebf9cfc5966b082cf9a028302ed4184","hash":"62d37cff1102497a6646ded929e0b43c3a9a0b86"}
,"C:\\Users\\Rafly\\vscode\\Reactnative\\TaskOffice\\todoapp\\src\\action\\IsShowAction.js": {"path":"C:\\Users\\Rafly\\vscode\\Reactnative\\TaskOffice\\todoapp\\src\\action\\IsShowAction.js","statementMap":{"0":{"start":{"line":3,"column":20},"end":{"line":7,"column":1}},"1":{"start":{"line":4,"column":2},"end":{"line":6,"column":4}}},"fnMap":{"0":{"name":"(anonymous_0)","decl":{"start":{"line":3,"column":20},"end":{"line":3,"column":21}},"loc":{"start":{"line":3,"column":26},"end":{"line":7,"column":1}},"line":3}},"branchMap":{},"s":{"0":3,"1":1},"f":{"0":1},"b":{},"_coverageSchema":"43e27e138ebf9cfc5966b082cf9a028302ed4184","hash":"e849a1eff32fb02dd1739b1e98b703c1ca72ca8c"}
,"C:\\Users\\Rafly\\vscode\\Reactnative\\TaskOffice\\todoapp\\src\\action\\index.js": {"path":"C:\\Users\\Rafly\\vscode\\Reactnative\\TaskOffice\\todoapp\\src\\action\\index.js","statementMap":{},"fnMap":{},"branchMap":{},"s":{},"f":{},"b":{},"_coverageSchema":"43e27e138ebf9cfc5966b082cf9a028302ed4184","hash":"ccb3bee17c02998ddcb57d5bb0b98a4d668703a3"}
,"C:\\Users\\Rafly\\vscode\\Reactnative\\TaskOffice\\todoapp\\src\\components\\DataList.js": {"path":"C:\\Users\\Rafly\\vscode\\Reactnative\\TaskOffice\\todoapp\\src\\components\\DataList.js","statementMap":{"0":{"start":{"line":13,"column":21},"end":{"line":13,"column":64}},"1":{"start":{"line":14,"column":20},"end":{"line":14,"column":62}},"2":{"start":{"line":15,"column":17},"end":{"line":37,"column":1}},"3":{"start":{"line":16,"column":2},"end":{"line":36,"column":5}},"4":{"start":{"line":17,"column":4},"end":{"line":35,"column":6}},"5":{"start":{"line":30,"column":43},"end":{"line":30,"column":66}},"6":{"start":{"line":39,"column":15},"end":{"line":48,"column":2}},"7":{"start":{"line":50,"column":24},"end":{"line":54,"column":1}},"8":{"start":{"line":51,"column":2},"end":{"line":53,"column":4}}},"fnMap":{"0":{"name":"(anonymous_0)","decl":{"start":{"line":15,"column":17},"end":{"line":15,"column":18}},"loc":{"start":{"line":15,"column":26},"end":{"line":37,"column":1}},"line":15},"1":{"name":"(anonymous_1)","decl":{"start":{"line":16,"column":23},"end":{"line":16,"column":24}},"loc":{"start":{"line":16,"column":39},"end":{"line":36,"column":3}},"line":16},"2":{"name":"(anonymous_2)","decl":{"start":{"line":30,"column":37},"end":{"line":30,"column":38}},"loc":{"start":{"line":30,"column":43},"end":{"line":30,"column":66}},"line":30},"3":{"name":"(anonymous_3)","decl":{"start":{"line":50,"column":24},"end":{"line":50,"column":25}},"loc":{"start":{"line":50,"column":33},"end":{"line":54,"column":1}},"line":50}},"branchMap":{},"s":{"0":1,"1":1,"2":1,"3":0,"4":0,"5":0,"6":1,"7":1,"8":0},"f":{"0":0,"1":0,"2":0,"3":0},"b":{},"_coverageSchema":"43e27e138ebf9cfc5966b082cf9a028302ed4184","hash":"77c244f92699620a84d4e6dc8e25c549ce9e8039"}
,"C:\\Users\\Rafly\\vscode\\Reactnative\\TaskOffice\\todoapp\\src\\components\\FloatingIconButton.js": {"path":"C:\\Users\\Rafly\\vscode\\Reactnative\\TaskOffice\\todoapp\\src\\components\\FloatingIconButton.js","statementMap":{"0":{"start":{"line":7,"column":27},"end":{"line":16,"column":1}},"1":{"start":{"line":8,"column":2},"end":{"line":15,"column":4}},"2":{"start":{"line":12,"column":21},"end":{"line":12,"column":40}},"3":{"start":{"line":18,"column":15},"end":{"line":29,"column":2}},"4":{"start":{"line":30,"column":24},"end":{"line":34,"column":1}},"5":{"start":{"line":31,"column":2},"end":{"line":33,"column":4}}},"fnMap":{"0":{"name":"(anonymous_0)","decl":{"start":{"line":7,"column":27},"end":{"line":7,"column":28}},"loc":{"start":{"line":7,"column":36},"end":{"line":16,"column":1}},"line":7},"1":{"name":"(anonymous_1)","decl":{"start":{"line":12,"column":15},"end":{"line":12,"column":16}},"loc":{"start":{"line":12,"column":21},"end":{"line":12,"column":40}},"line":12},"2":{"name":"(anonymous_2)","decl":{"start":{"line":30,"column":24},"end":{"line":30,"column":25}},"loc":{"start":{"line":30,"column":33},"end":{"line":34,"column":1}},"line":30}},"branchMap":{},"s":{"0":1,"1":1,"2":0,"3":1,"4":1,"5":1},"f":{"0":1,"1":0,"2":1},"b":{},"_coverageSchema":"43e27e138ebf9cfc5966b082cf9a028302ed4184","hash":"4808b052d721d15bfabf39d81be46032e1f1b149"}
,"C:\\Users\\Rafly\\vscode\\Reactnative\\TaskOffice\\todoapp\\src\\components\\FormInput.js": {"path":"C:\\Users\\Rafly\\vscode\\Reactnative\\TaskOffice\\todoapp\\src\\components\\FormInput.js","statementMap":{"0":{"start":{"line":18,"column":21},"end":{"line":18,"column":64}},"1":{"start":{"line":19,"column":20},"end":{"line":19,"column":62}},"2":{"start":{"line":21,"column":18},"end":{"line":70,"column":1}},"3":{"start":{"line":22,"column":21},"end":{"line":27,"column":3}},"4":{"start":{"line":23,"column":4},"end":{"line":23,"column":45}},"5":{"start":{"line":24,"column":4},"end":{"line":24,"column":30}},"6":{"start":{"line":25,"column":4},"end":{"line":25,"column":33}},"7":{"start":{"line":26,"column":4},"end":{"line":26,"column":24}},"8":{"start":{"line":29,"column":2},"end":{"line":69,"column":4}},"9":{"start":{"line":44,"column":36},"end":{"line":44,"column":63}},"10":{"start":{"line":54,"column":36},"end":{"line":54,"column":66}},"11":{"start":{"line":62,"column":29},"end":{"line":62,"column":41}},"12":{"start":{"line":72,"column":15},"end":{"line":114,"column":2}},"13":{"start":{"line":116,"column":24},"end":{"line":122,"column":1}},"14":{"start":{"line":117,"column":2},"end":{"line":121,"column":4}}},"fnMap":{"0":{"name":"(anonymous_0)","decl":{"start":{"line":21,"column":18},"end":{"line":21,"column":19}},"loc":{"start":{"line":21,"column":27},"end":{"line":70,"column":1}},"line":21},"1":{"name":"(anonymous_1)","decl":{"start":{"line":22,"column":21},"end":{"line":22,"column":22}},"loc":{"start":{"line":22,"column":27},"end":{"line":27,"column":3}},"line":22},"2":{"name":"(anonymous_2)","decl":{"start":{"line":44,"column":28},"end":{"line":44,"column":29}},"loc":{"start":{"line":44,"column":36},"end":{"line":44,"column":63}},"line":44},"3":{"name":"(anonymous_3)","decl":{"start":{"line":54,"column":28},"end":{"line":54,"column":29}},"loc":{"start":{"line":54,"column":36},"end":{"line":54,"column":66}},"line":54},"4":{"name":"(anonymous_4)","decl":{"start":{"line":62,"column":23},"end":{"line":62,"column":24}},"loc":{"start":{"line":62,"column":29},"end":{"line":62,"column":41}},"line":62},"5":{"name":"(anonymous_5)","decl":{"start":{"line":116,"column":24},"end":{"line":116,"column":25}},"loc":{"start":{"line":116,"column":33},"end":{"line":122,"column":1}},"line":116}},"branchMap":{},"s":{"0":2,"1":2,"2":2,"3":5,"4":0,"5":0,"6":0,"7":0,"8":5,"9":1,"10":1,"11":0,"12":2,"13":2,"14":5},"f":{"0":5,"1":0,"2":1,"3":1,"4":0,"5":5},"b":{},"_coverageSchema":"43e27e138ebf9cfc5966b082cf9a028302ed4184","hash":"573c26aae4661e6d4d128292391a09a443bebe41"}
,"C:\\Users\\Rafly\\vscode\\Reactnative\\TaskOffice\\todoapp\\src\\components\\StateData.js": {"path":"C:\\Users\\Rafly\\vscode\\Reactnative\\TaskOffice\\todoapp\\src\\components\\StateData.js","statementMap":{"0":{"start":{"line":6,"column":18},"end":{"line":20,"column":1}},"1":{"start":{"line":7,"column":2},"end":{"line":19,"column":3}},"2":{"start":{"line":8,"column":4},"end":{"line":12,"column":6}},"3":{"start":{"line":14,"column":4},"end":{"line":18,"column":6}},"4":{"start":{"line":21,"column":24},"end":{"line":25,"column":1}},"5":{"start":{"line":22,"column":2},"end":{"line":24,"column":4}}},"fnMap":{"0":{"name":"(anonymous_0)","decl":{"start":{"line":6,"column":18},"end":{"line":6,"column":19}},"loc":{"start":{"line":6,"column":27},"end":{"line":20,"column":1}},"line":6},"1":{"name":"(anonymous_1)","decl":{"start":{"line":21,"column":24},"end":{"line":21,"column":25}},"loc":{"start":{"line":21,"column":33},"end":{"line":25,"column":1}},"line":21}},"branchMap":{"0":{"loc":{"start":{"line":7,"column":2},"end":{"line":19,"column":3}},"type":"if","locations":[{"start":{"line":7,"column":2},"end":{"line":19,"column":3}},{"start":{"line":7,"column":2},"end":{"line":19,"column":3}}],"line":7}},"s":{"0":1,"1":1,"2":0,"3":1,"4":1,"5":1},"f":{"0":1,"1":1},"b":{"0":[0,1]},"_coverageSchema":"43e27e138ebf9cfc5966b082cf9a028302ed4184","hash":"b29b0d7343ea80132645f8ba99a1822c881cb196"}
,"C:\\Users\\Rafly\\vscode\\Reactnative\\TaskOffice\\todoapp\\src\\reducer\\DataReducer.js": {"path":"C:\\Users\\Rafly\\vscode\\Reactnative\\TaskOffice\\todoapp\\src\\reducer\\DataReducer.js","statementMap":{"0":{"start":{"line":4,"column":2},"end":{"line":19,"column":3}},"1":{"start":{"line":6,"column":6},"end":{"line":14,"column":7}},"2":{"start":{"line":7,"column":8},"end":{"line":13,"column":10}},"3":{"start":{"line":15,"column":6},"end":{"line":15,"column":12}},"4":{"start":{"line":17,"column":6},"end":{"line":17,"column":36}},"5":{"start":{"line":18,"column":6},"end":{"line":18,"column":24}},"6":{"start":{"line":20,"column":2},"end":{"line":20,"column":15}}},"fnMap":{"0":{"name":"(anonymous_0)","decl":{"start":{"line":3,"column":15},"end":{"line":3,"column":16}},"loc":{"start":{"line":3,"column":39},"end":{"line":21,"column":1}},"line":3}},"branchMap":{"0":{"loc":{"start":{"line":3,"column":16},"end":{"line":3,"column":26}},"type":"default-arg","locations":[{"start":{"line":3,"column":24},"end":{"line":3,"column":26}}],"line":3},"1":{"loc":{"start":{"line":4,"column":2},"end":{"line":19,"column":3}},"type":"switch","locations":[{"start":{"line":5,"column":4},"end":{"line":15,"column":12}},{"start":{"line":16,"column":4},"end":{"line":18,"column":24}}],"line":4},"2":{"loc":{"start":{"line":6,"column":6},"end":{"line":14,"column":7}},"type":"if","locations":[{"start":{"line":6,"column":6},"end":{"line":14,"column":7}},{"start":{"line":6,"column":6},"end":{"line":14,"column":7}}],"line":6},"3":{"loc":{"start":{"line":6,"column":10},"end":{"line":6,"column":69}},"type":"binary-expr","locations":[{"start":{"line":6,"column":10},"end":{"line":6,"column":36}},{"start":{"line":6,"column":40},"end":{"line":6,"column":69}}],"line":6}},"s":{"0":13,"1":2,"2":1,"3":1,"4":1,"5":1,"6":11},"f":{"0":13},"b":{"0":[11],"1":[2,1],"2":[1,1],"3":[2,2]},"_coverageSchema":"43e27e138ebf9cfc5966b082cf9a028302ed4184","hash":"069ef6a1dc04d7669d9376a4ba533cd20d9d762b"}
,"C:\\Users\\Rafly\\vscode\\Reactnative\\TaskOffice\\todoapp\\src\\reducer\\FormInputReducer.js": {"path":"C:\\Users\\Rafly\\vscode\\Reactnative\\TaskOffice\\todoapp\\src\\reducer\\FormInputReducer.js","statementMap":{"0":{"start":{"line":2,"column":21},"end":{"line":5,"column":1}},"1":{"start":{"line":8,"column":2},"end":{"line":21,"column":3}},"2":{"start":{"line":10,"column":6},"end":{"line":13,"column":8}},"3":{"start":{"line":15,"column":6},"end":{"line":18,"column":8}},"4":{"start":{"line":20,"column":6},"end":{"line":20,"column":19}}},"fnMap":{"0":{"name":"(anonymous_0)","decl":{"start":{"line":7,"column":15},"end":{"line":7,"column":16}},"loc":{"start":{"line":7,"column":49},"end":{"line":22,"column":1}},"line":7}},"branchMap":{"0":{"loc":{"start":{"line":7,"column":16},"end":{"line":7,"column":36}},"type":"default-arg","locations":[{"start":{"line":7,"column":24},"end":{"line":7,"column":36}}],"line":7},"1":{"loc":{"start":{"line":8,"column":2},"end":{"line":21,"column":3}},"type":"switch","locations":[{"start":{"line":9,"column":4},"end":{"line":13,"column":8}},{"start":{"line":14,"column":4},"end":{"line":18,"column":8}},{"start":{"line":19,"column":4},"end":{"line":20,"column":19}}],"line":8}},"s":{"0":3,"1":13,"2":2,"3":2,"4":9},"f":{"0":13},"b":{"0":[11],"1":[2,2,9]},"_coverageSchema":"43e27e138ebf9cfc5966b082cf9a028302ed4184","hash":"cd8a2313b37ddf053f2c60db608bb25e73769e5c"}
,"C:\\Users\\Rafly\\vscode\\Reactnative\\TaskOffice\\todoapp\\src\\reducer\\IsShowReducer.js": {"path":"C:\\Users\\Rafly\\vscode\\Reactnative\\TaskOffice\\todoapp\\src\\reducer\\IsShowReducer.js","statementMap":{"0":{"start":{"line":4,"column":2},"end":{"line":9,"column":3}},"1":{"start":{"line":6,"column":6},"end":{"line":6,"column":20}},"2":{"start":{"line":8,"column":6},"end":{"line":8,"column":19}}},"fnMap":{"0":{"name":"(anonymous_0)","decl":{"start":{"line":3,"column":15},"end":{"line":3,"column":16}},"loc":{"start":{"line":3,"column":42},"end":{"line":10,"column":1}},"line":3}},"branchMap":{"0":{"loc":{"start":{"line":3,"column":16},"end":{"line":3,"column":29}},"type":"default-arg","locations":[{"start":{"line":3,"column":24},"end":{"line":3,"column":29}}],"line":3},"1":{"loc":{"start":{"line":4,"column":2},"end":{"line":9,"column":3}},"type":"switch","locations":[{"start":{"line":5,"column":4},"end":{"line":6,"column":20}},{"start":{"line":7,"column":4},"end":{"line":8,"column":19}}],"line":4}},"s":{"0":11,"1":1,"2":10},"f":{"0":11},"b":{"0":[9],"1":[1,10]},"_coverageSchema":"43e27e138ebf9cfc5966b082cf9a028302ed4184","hash":"2f463a353ec51180545845f092818a5777482711"}
,"C:\\Users\\Rafly\\vscode\\Reactnative\\TaskOffice\\todoapp\\src\\store\\RootStore.js": {"path":"C:\\Users\\Rafly\\vscode\\Reactnative\\TaskOffice\\todoapp\\src\\store\\RootStore.js","statementMap":{"0":{"start":{"line":6,"column":20},"end":{"line":10,"column":2}}},"fnMap":{},"branchMap":{},"s":{"0":2},"f":{},"b":{},"_coverageSchema":"43e27e138ebf9cfc5966b082cf9a028302ed4184","hash":"04d06774c91d6a23ed7bf0de3198e4eb68e6dbb2"}
,"C:\\Users\\Rafly\\vscode\\Reactnative\\TaskOffice\\todoapp\\src\\utils\\constType.js": {"path":"C:\\Users\\Rafly\\vscode\\Reactnative\\TaskOffice\\todoapp\\src\\utils\\constType.js","statementMap":{"0":{"start":{"line":1,"column":26},"end":{"line":1,"column":38}},"1":{"start":{"line":2,"column":29},"end":{"line":2,"column":44}},"2":{"start":{"line":3,"column":23},"end":{"line":3,"column":32}},"3":{"start":{"line":4,"column":24},"end":{"line":4,"column":34}},"4":{"start":{"line":5,"column":27},"end":{"line":5,"column":40}}},"fnMap":{},"branchMap":{},"s":{"0":8,"1":8,"2":8,"3":8,"4":8},"f":{},"b":{},"_coverageSchema":"43e27e138ebf9cfc5966b082cf9a028302ed4184","hash":"6cb5f825e97cae05569d1f89b6c9977644700f8e"}
}
