TN:
SF:C:\Users\Rafly\vscode\Reactnative\TaskOffice\todoapp\src\App.js
FN:11,(anonymous_0)
FNF:1
FNH:1
FNDA:1,(anonymous_0)
DA:10,1
DA:11,1
DA:12,1
DA:31,1
LF:4
LH:4
BRF:0
BRH:0
end_of_record
TN:
SF:C:\Users\Rafly\vscode\Reactnative\TaskOffice\todoapp\src\action\DataAction.js
FN:3,(anonymous_0)
FN:13,(anonymous_1)
FNF:2
FNH:2
FNDA:1,(anonymous_0)
FNDA:1,(anonymous_1)
DA:3,4
DA:4,1
DA:13,4
DA:14,1
LF:4
LH:4
BRF:0
BRH:0
end_of_record
TN:
SF:C:\Users\Rafly\vscode\Reactnative\TaskOffice\todoapp\src\action\FormInputAction.js
FN:3,(anonymous_0)
FN:10,(anonymous_1)
FN:17,(anonymous_2)
FNF:3
FNH:2
FNDA:2,(anonymous_0)
FNDA:2,(anonymous_1)
FNDA:0,(anonymous_2)
DA:3,3
DA:4,2
DA:10,3
DA:11,2
DA:17,3
DA:18,0
LF:6
LH:5
BRF:0
BRH:0
end_of_record
TN:
SF:C:\Users\Rafly\vscode\Reactnative\TaskOffice\todoapp\src\action\IsShowAction.js
FN:3,(anonymous_0)
FNF:1
FNH:1
FNDA:1,(anonymous_0)
DA:3,3
DA:4,1
LF:2
LH:2
BRF:0
BRH:0
end_of_record
TN:
SF:C:\Users\Rafly\vscode\Reactnative\TaskOffice\todoapp\src\action\index.js
FNF:0
FNH:0
LF:0
LH:0
BRF:0
BRH:0
end_of_record
TN:
SF:C:\Users\Rafly\vscode\Reactnative\TaskOffice\todoapp\src\components\DataList.js
FN:7,(anonymous_0)
FN:9,(anonymous_1)
FN:17,(anonymous_2)
FN:45,(anonymous_3)
FNF:4
FNH:0
FNDA:0,(anonymous_0)
FNDA:0,(anonymous_1)
FNDA:0,(anonymous_2)
FNDA:0,(anonymous_3)
DA:7,1
DA:8,0
DA:9,0
DA:10,0
DA:17,0
DA:26,1
DA:45,1
DA:46,0
LF:8
LH:3
BRF:0
BRH:0
end_of_record
TN:
SF:C:\Users\Rafly\vscode\Reactnative\TaskOffice\todoapp\src\components\DateTimePicker.js
FN:6,(anonymous_0)
FN:7,(anonymous_1)
FN:27,(anonymous_2)
FNF:3
FNH:0
FNDA:0,(anonymous_0)
FNDA:0,(anonymous_1)
FNDA:0,(anonymous_2)
DA:6,2
DA:7,0
DA:8,0
DA:9,0
DA:10,0
DA:11,0
DA:12,0
DA:14,0
DA:17,0
DA:27,2
DA:28,0
LF:11
LH:2
BRDA:8,0,0,0
BRDA:8,0,1,0
BRDA:11,1,0,0
BRDA:11,1,1,0
BRF:4
BRH:0
end_of_record
TN:
SF:C:\Users\Rafly\vscode\Reactnative\TaskOffice\todoapp\src\components\FloatingIconButton.js
FN:7,(anonymous_0)
FN:12,(anonymous_1)
FN:30,(anonymous_2)
FNF:3
FNH:2
FNDA:1,(anonymous_0)
FNDA:0,(anonymous_1)
FNDA:1,(anonymous_2)
DA:7,1
DA:8,1
DA:12,0
DA:18,1
DA:30,1
DA:31,1
LF:6
LH:5
BRF:0
BRH:0
end_of_record
TN:
SF:C:\Users\Rafly\vscode\Reactnative\TaskOffice\todoapp\src\components\FormInput.js
FN:11,(anonymous_0)
FN:61,(anonymous_1)
FNF:2
FNH:2
FNDA:3,(anonymous_0)
FNDA:5,(anonymous_1)
DA:8,2
DA:9,2
DA:11,2
DA:12,3
DA:13,3
DA:29,2
DA:61,2
DA:62,5
LF:8
LH:8
BRF:0
BRH:0
end_of_record
TN:
SF:C:\Users\Rafly\vscode\Reactnative\TaskOffice\todoapp\src\components\InputText.js
FN:11,(anonymous_0)
FN:25,(anonymous_1)
FN:37,(anonymous_2)
FN:46,(anonymous_3)
FN:86,(anonymous_4)
FNF:5
FNH:4
FNDA:3,(anonymous_0)
FNDA:1,(anonymous_1)
FNDA:1,(anonymous_2)
FNDA:0,(anonymous_3)
FNDA:5,(anonymous_4)
DA:11,2
DA:12,3
DA:13,3
DA:14,3
DA:16,3
DA:25,1
DA:37,1
DA:46,0
DA:62,2
DA:86,2
DA:87,5
LF:11
LH:10
BRDA:47,0,0,0
BRDA:47,0,1,3
BRDA:54,1,0,0
BRDA:54,1,1,3
BRF:4
BRH:2
end_of_record
TN:
SF:C:\Users\Rafly\vscode\Reactnative\TaskOffice\todoapp\src\components\StateData.js
FN:6,(anonymous_0)
FN:21,(anonymous_1)
FNF:2
FNH:2
FNDA:1,(anonymous_0)
FNDA:1,(anonymous_1)
DA:6,1
DA:7,1
DA:8,0
DA:14,1
DA:21,1
DA:22,1
LF:6
LH:5
BRDA:7,0,0,0
BRDA:7,0,1,1
BRF:2
BRH:1
end_of_record
TN:
SF:C:\Users\Rafly\vscode\Reactnative\TaskOffice\todoapp\src\components\SubmitButton.js
FN:15,(anonymous_0)
FN:27,(anonymous_1)
FN:37,(anonymous_2)
FN:59,(anonymous_3)
FNF:4
FNH:2
FNDA:5,(anonymous_0)
FNDA:0,(anonymous_1)
FNDA:0,(anonymous_2)
FNDA:5,(anonymous_3)
DA:15,2
DA:16,5
DA:25,5
DA:27,5
DA:28,0
DA:29,0
DA:30,0
DA:31,0
DA:33,5
DA:37,0
DA:44,2
DA:59,2
DA:60,5
LF:13
LH:8
BRF:0
BRH:0
end_of_record
TN:
SF:C:\Users\Rafly\vscode\Reactnative\TaskOffice\todoapp\src\logic\FormatDate.js
FN:1,(anonymous_0)
FNF:1
FNH:0
FNDA:0,(anonymous_0)
DA:1,2
DA:3,0
DA:4,0
DA:6,0
DA:8,0
DA:9,0
DA:11,0
LF:7
LH:1
BRDA:3,0,0,0
BRDA:3,0,1,0
BRDA:8,1,0,0
BRDA:8,1,1,0
BRF:4
BRH:0
end_of_record
TN:
SF:C:\Users\Rafly\vscode\Reactnative\TaskOffice\todoapp\src\reducer\DataReducer.js
FN:3,(anonymous_0)
FNF:1
FNH:1
FNDA:13,(anonymous_0)
DA:4,13
DA:6,2
DA:11,0
DA:21,2
DA:23,1
DA:24,1
DA:26,12
LF:7
LH:6
BRDA:3,0,0,11
BRDA:4,1,0,2
BRDA:4,1,1,1
BRDA:6,2,0,0
BRDA:6,2,1,2
BRDA:7,3,0,2
BRDA:7,3,1,2
BRDA:7,3,2,1
BRF:8
BRH:7
end_of_record
TN:
SF:C:\Users\Rafly\vscode\Reactnative\TaskOffice\todoapp\src\reducer\FormInputReducer.js
FN:9,(anonymous_0)
FNF:1
FNH:1
FNDA:13,(anonymous_0)
DA:3,3
DA:10,13
DA:12,2
DA:17,2
DA:22,0
DA:27,9
LF:6
LH:5
BRDA:9,0,0,11
BRDA:10,1,0,2
BRDA:10,1,1,2
BRDA:10,1,2,0
BRDA:10,1,3,9
BRF:5
BRH:4
end_of_record
TN:
SF:C:\Users\Rafly\vscode\Reactnative\TaskOffice\todoapp\src\reducer\IsShowReducer.js
FN:3,(anonymous_0)
FNF:1
FNH:1
FNDA:11,(anonymous_0)
DA:4,11
DA:6,1
DA:8,10
LF:3
LH:3
BRDA:3,0,0,9
BRDA:4,1,0,1
BRDA:4,1,1,10
BRF:3
BRH:3
end_of_record
TN:
SF:C:\Users\Rafly\vscode\Reactnative\TaskOffice\todoapp\src\store\RootStore.js
FNF:0
FNH:0
DA:6,2
LF:1
LH:1
BRF:0
BRH:0
end_of_record
TN:
SF:C:\Users\Rafly\vscode\Reactnative\TaskOffice\todoapp\src\utils\constType.js
FNF:0
FNH:0
DA:1,8
DA:2,8
DA:3,8
DA:4,8
DA:5,8
DA:6,8
LF:6
LH:6
BRF:0
BRH:0
end_of_record
