TN:
SF:C:\Users\Rafly\vscode\Reactnative\TaskOffice\todoapp\src\App.js
FN:11,(anonymous_0)
FNF:1
FNH:1
FNDA:1,(anonymous_0)
DA:10,1
DA:11,1
DA:12,1
DA:31,1
LF:4
LH:4
BRF:0
BRH:0
end_of_record
TN:
SF:C:\Users\Rafly\vscode\Reactnative\TaskOffice\todoapp\src\action\DataAction.js
FN:3,(anonymous_0)
FN:11,(anonymous_1)
FNF:2
FNH:2
FNDA:1,(anonymous_0)
FNDA:1,(anonymous_1)
DA:3,4
DA:4,1
DA:11,4
DA:12,1
LF:4
LH:4
BRF:0
BRH:0
end_of_record
TN:
SF:C:\Users\Rafly\vscode\Reactnative\TaskOffice\todoapp\src\action\FormInputAction.js
FN:3,(anonymous_0)
FN:10,(anonymous_1)
FNF:2
FNH:2
FNDA:2,(anonymous_0)
FNDA:2,(anonymous_1)
DA:3,3
DA:4,2
DA:10,3
DA:11,2
LF:4
LH:4
BRF:0
BRH:0
end_of_record
TN:
SF:C:\Users\Rafly\vscode\Reactnative\TaskOffice\todoapp\src\action\IsShowAction.js
FN:3,(anonymous_0)
FNF:1
FNH:1
FNDA:1,(anonymous_0)
DA:3,3
DA:4,1
LF:2
LH:2
BRF:0
BRH:0
end_of_record
TN:
SF:C:\Users\Rafly\vscode\Reactnative\TaskOffice\todoapp\src\action\index.js
FNF:0
FNH:0
LF:0
LH:0
BRF:0
BRH:0
end_of_record
TN:
SF:C:\Users\Rafly\vscode\Reactnative\TaskOffice\todoapp\src\components\DataList.js
FN:15,(anonymous_0)
FN:16,(anonymous_1)
FN:30,(anonymous_2)
FN:50,(anonymous_3)
FNF:4
FNH:0
FNDA:0,(anonymous_0)
FNDA:0,(anonymous_1)
FNDA:0,(anonymous_2)
FNDA:0,(anonymous_3)
DA:13,1
DA:14,1
DA:15,1
DA:16,0
DA:17,0
DA:30,0
DA:39,1
DA:50,1
DA:51,0
LF:9
LH:5
BRF:0
BRH:0
end_of_record
TN:
SF:C:\Users\Rafly\vscode\Reactnative\TaskOffice\todoapp\src\components\FloatingIconButton.js
FN:7,(anonymous_0)
FN:12,(anonymous_1)
FN:30,(anonymous_2)
FNF:3
FNH:2
FNDA:1,(anonymous_0)
FNDA:0,(anonymous_1)
FNDA:1,(anonymous_2)
DA:7,1
DA:8,1
DA:12,0
DA:18,1
DA:30,1
DA:31,1
LF:6
LH:5
BRF:0
BRH:0
end_of_record
TN:
SF:C:\Users\Rafly\vscode\Reactnative\TaskOffice\todoapp\src\components\FormInput.js
FN:21,(anonymous_0)
FN:22,(anonymous_1)
FN:44,(anonymous_2)
FN:54,(anonymous_3)
FN:62,(anonymous_4)
FN:116,(anonymous_5)
FNF:6
FNH:4
FNDA:5,(anonymous_0)
FNDA:0,(anonymous_1)
FNDA:1,(anonymous_2)
FNDA:1,(anonymous_3)
FNDA:0,(anonymous_4)
FNDA:5,(anonymous_5)
DA:18,2
DA:19,2
DA:21,2
DA:22,5
DA:23,0
DA:24,0
DA:25,0
DA:26,0
DA:29,5
DA:44,1
DA:54,1
DA:62,0
DA:72,2
DA:116,2
DA:117,5
LF:15
LH:10
BRF:0
BRH:0
end_of_record
TN:
SF:C:\Users\Rafly\vscode\Reactnative\TaskOffice\todoapp\src\components\StateData.js
FN:6,(anonymous_0)
FN:21,(anonymous_1)
FNF:2
FNH:2
FNDA:1,(anonymous_0)
FNDA:1,(anonymous_1)
DA:6,1
DA:7,1
DA:8,0
DA:14,1
DA:21,1
DA:22,1
LF:6
LH:5
BRDA:7,0,0,0
BRDA:7,0,1,1
BRF:2
BRH:1
end_of_record
TN:
SF:C:\Users\Rafly\vscode\Reactnative\TaskOffice\todoapp\src\reducer\DataReducer.js
FN:3,(anonymous_0)
FNF:1
FNH:1
FNDA:13,(anonymous_0)
DA:4,13
DA:6,2
DA:7,1
DA:15,1
DA:17,1
DA:18,1
DA:20,11
LF:7
LH:7
BRDA:3,0,0,11
BRDA:4,1,0,2
BRDA:4,1,1,1
BRDA:6,2,0,1
BRDA:6,2,1,1
BRDA:6,3,0,2
BRDA:6,3,1,2
BRF:7
BRH:7
end_of_record
TN:
SF:C:\Users\Rafly\vscode\Reactnative\TaskOffice\todoapp\src\reducer\FormInputReducer.js
FN:7,(anonymous_0)
FNF:1
FNH:1
FNDA:13,(anonymous_0)
DA:2,3
DA:8,13
DA:10,2
DA:15,2
DA:20,9
LF:5
LH:5
BRDA:7,0,0,11
BRDA:8,1,0,2
BRDA:8,1,1,2
BRDA:8,1,2,9
BRF:4
BRH:4
end_of_record
TN:
SF:C:\Users\Rafly\vscode\Reactnative\TaskOffice\todoapp\src\reducer\IsShowReducer.js
FN:3,(anonymous_0)
FNF:1
FNH:1
FNDA:11,(anonymous_0)
DA:4,11
DA:6,1
DA:8,10
LF:3
LH:3
BRDA:3,0,0,9
BRDA:4,1,0,1
BRDA:4,1,1,10
BRF:3
BRH:3
end_of_record
TN:
SF:C:\Users\Rafly\vscode\Reactnative\TaskOffice\todoapp\src\store\RootStore.js
FNF:0
FNH:0
DA:6,2
LF:1
LH:1
BRF:0
BRH:0
end_of_record
TN:
SF:C:\Users\Rafly\vscode\Reactnative\TaskOffice\todoapp\src\utils\constType.js
FNF:0
FNH:0
DA:1,8
DA:2,8
DA:3,8
DA:4,8
DA:5,8
LF:5
LH:5
BRF:0
BRH:0
end_of_record
